Log started at 08.05.2024	20:30:32
Number of used processors (NPROC): 4.
Number of mesh partitions (NPART): 4.
Total Physical Memory = 15.95 Gb, Available Physical Memory = 7.45 Gb
Computer name:	DESKTOP-VM7D83N
Operating system:	Windows 10 (Version 10.0.19045)

Commandline:	"D:\SolidWorks\SOLIDWORKS Flow Simulation\BINCFW\efdsolver.exe" /config:"C:\Users\Jakub\Desktop\1\1.xmlconfig" /guid:b63eb140-7767-4e30-a53c-c81fefde1d7f /processors:max /m /s /prjnamelm:"Flow Simulation 2023" /prjnamehabout:"Flow Simulation 2023" /companyname:"COSMOS Applications" /prjaliasid:1009 /lang:English /port:56140

SOLIDWORKS 2023 SP5.0
Flow Simulation 2023  x64 / 6175

Project: C:\Users\Jakub\Desktop\1\1.xmlconfig
Configuration name: Domyślna
Project name: Project(1)
Problem type: internal-type
Exclude cavities without flow conditions: ON
NGK: OFF
MBO: OFF
-----------------------------------------------------------------------
Mesher option run = eRunMesherNormal
-----------------------------------------------------------------------

Mesh generation started:	8.5.2024	20:30:32
-----------------------------------------------------------------------
Memory Working Set Current = 16.35 Mb, Memory Working Set Peak = 16.36 Mb
Memory Private Bytes Current = 16.82 Mb, Memory Private Bytes Peak = 16.82 Mb
Process Threads Number: 7
-----------------------------------------------------------------------
Mesher adjust APD = OFF; AdjustAPD_method=0; N_per_Channel = 0; N2_per_Channel = 0
Current CPU = 0 sec
-----------------------------------------------------------------------
Geometries initialization:
-----------------------------------------------------------------------
Loading mesh settings (global/local)...
-----------------------------------------------------------------------
Number of geometries from DB: 1
Geometry(0):
	Guid = {00000000-0000-0000-0000-000000000000}
	Fluid..
	1 Body.
	1 Real body.
	-- Bodyset 0 --
		Tolerance=1.79861e-05.
		27 Face(s).
			27 of b-spline type.
		0 Face(s) that have no ref faces
		13 Plane surface(s).
		4 Cylinder surface(s).
		3 Cone surface(s).
		5 Torus surface(s).
		2 B- surface(s).
		27808 Triangle(s).
		Getting triangle connectivities from DB: 0.005 s
		38 Edge(s).
			38 of b-spline type.
		BodyGeom reading: 0.056 s.
		27796 Reference Triangles.
		Getting triangle connectivities from DB (Ref): 0.007 s
		BodyGeom Ref reading: 0.013 s.
Geometry(1):
	Solid.
	-- Bodyset 1 --
	Empty
-----------------------------------------------------------------------
Number of geometries in task: 2
	G : 0	Type: Fluid
	G : 1	Type: Solid
Number of bodysets   in task: 2
-----------------------------------------------------------------------
BodySet (0):
	Making hash and connectivity for Bodyset ...
		CBodyGeom:
		Hash size: {48, 16, 48}.
		Mesh size: {24, 8, 12}.
		Hashing triangles...Ok.
			axis(0) tr sizes: average=75 max=463
			axis(1) tr sizes: average=35 max=499
			axis(2) tr sizes: average=82 max=1226
		Number of t-connected sets:2 (cavity=1)
		CBodyGeomRef:
		Hashing triangles...Ok.
			axis(0) tr sizes: average=394 max=1350
			axis(1) tr sizes: average=204 max=869
			axis(2) tr sizes: average=295 max=1492
	0.0381 s.
Geometries reading and preparing has taken 0.128 s.
-----------------------------------------------------------------------
Mapped triangles:
Hashing rough geometry(bodies) triangulation:
BodySet (0):
	Triangles num=27808
	Triangles box={-0.0775376 ,0.0729397 ,-0.0228823 ,0.0228674 ,-0.0384335 ,0.0384335}
		3d-hash size is 200416 bytes
BodySet (1):
no log info (empty stream)

Hashing peculiar surfaces triangles:
Surface triangles (0):
	Triangles num=37
	Triangles box={0.0718417 ,0.0726483 ,0.00839475 ,0.0145068 ,-0.00271491 ,0.00345031}
		3d-hash size is 9520 bytes
Surface triangles (1):
	Triangles num=58
	Triangles box={-0.0772376 ,-0.0772376 ,-0.0165997 ,-0.00196425 ,0.00801696 ,0.0226543}
		3d-hash size is 9908 bytes

Mapped triangles processed in 0.038 s.
-----------------------------------------------------------------------
-----------------------------------------------------------------------
Getting sectors:
Number of sectors: 0
-----------------------------------------------------------------------
-----------------------------------------------------------------------
Bodies:     2
Faces:      27
Edges:      38
Triangles:  27808
-----------------------------------------------------------------------

Current CPU = 0 sec
-----------------------------------------------------------------------
Memory Working Set Current = 38.56 Mb, Memory Working Set Peak = 44.34 Mb
Memory Private Bytes Current = 37.79 Mb, Memory Private Bytes Peak = 43.47 Mb
Process Threads Number: 10
-----------------------------------------------------------------------
-----------------------------------------------------------------------
Checking faces on CD...
FCD = [0 0 0 0 0 0]
FCD_conflicts = 0
Time (check faces on CD)=0.000 s
-----------------------------------------------------------------------

-----------------------------------------------------------------------
Mesh dimensions:
				I[0 ]=24
				I[1 ]=8
				I[2 ]=12

Comp. domain size:
				a[0  ]=-0.0773874
				a[1  ]=0.0727895
				a[2  ]=-0.0228367
				a[3  ]=0.0228217
				a[4  ]=-0.0383568
				a[5  ]=0.0383568

Fluid calculated			1
Solid calculated			0
-----------------------------------------------------------------------
MESH Build started...
-----------------------------------------------------------------------
Mesh LEVEL = 2
-----------------------------------------------------------------------
-----------------------------------------------------------------------
CPT-mode xeps:
	D / dh / eps [axis=0] = (0.150177, 0.00156385, 1.56385e-06)
	D / dh / eps [axis=1] = (0.0456584, 0.00142644, 1.42644e-06)
	D / dh / eps [axis=2] = (0.0767135, 0.00159783, 1.59783e-06)
-----------------------------------------------------------------------
Initial allocation and brick-body-box intersection...OK (0.000 s)
Initial triangle brick intersection...OK (0.000 s)
Setting regions (2304 / 2304)...OK (0.000 s)
-----------------------------------------------------------------------
Base mesh info:
	3D task
	Nx=24
	Ny=8
	Nz=12
	N(Nx*Ny*Nz) = 192
	Period    axis=[0, 0, 0]
	Symmetry  ni=[0 0 0 0 0 0]
	ZoomingBC ni=[0 0 0 0 0 0]
	Nx=24
		x[0]=-0.0773874
		x[1]=-0.0711281
		x[2]=-0.0648707
		x[3]=-0.0586134
		x[4]=-0.052356
		x[5]=-0.0460986
		x[6]=-0.0398412
		x[7]=-0.0335839
		x[8]=-0.0273265
		x[9]=-0.0210691
		x[10]=-0.0148117
		x[11]=-0.00855436
		x[12]=-0.00229699
		x[13]=0.00396039
		x[14]=0.0102178
		x[15]=0.0164751
		x[16]=0.0227325
		x[17]=0.0289899
		x[18]=0.0352473
		x[19]=0.0415046
		x[20]=0.047762
		x[21]=0.0540194
		x[22]=0.0602768
		x[23]=0.0665341
		x[24]=0.0727895
	Ny=8
		y[0]=-0.0228367
		y[1]=-0.0171278
		y[2]=-0.0114205
		y[3]=-0.00571321
		y[4]=-5.91717e-06
		y[5]=0.00570138
		y[6]=0.0114087
		y[7]=0.017116
		y[8]=0.0228217
	Nz=12
		z[0]=-0.0383568
		z[1]=-0.0319625
		z[2]=-0.0255697
		z[3]=-0.0191769
		z[4]=-0.0127841
		z[5]=-0.00639132
		z[6]=1.47166e-06
		z[7]=0.00639426
		z[8]=0.0127871
		z[9]=0.0191798
		z[10]=0.0255726
		z[11]=0.0319654
		z[12]=0.0383568
-----------------------------------------------------------------------
Input_mesh_settings--------------------------------
Settings 0----------------
	Scope: GLOBAL
	Type:	------MESHER_SETTINGS----------
	RefAllCells           =0
	RefFluidCells         =0
	RefPartCells          =0
	RefSolidCells         =0
	l_SSFR(Capture crit)  =2
	l_curv(Curvature crit)=0
	l_tol(Tolerance crit) =2
	  k_tol               =0.00156096
	UseChannelRef         =1
	  NCR_method          =0
	  l_NCR               =2
	  N_gap               =5
	  Use d_NCR_min       =0
	  Use d_NCR_max       =0
	CloseThinSlotsHeight         =0
	--END_OF_MESHER_SETTINGS-------
End of input mesh settings-------------------------
-----------------------------------------------------------------------
Memory Working Set Current = 39.21 Mb, Memory Working Set Peak = 44.34 Mb
Memory Private Bytes Current = 38.55 Mb, Memory Private Bytes Peak = 43.47 Mb
Process Threads Number: 10
-----------------------------------------------------------------------
MMP (msh): locals=1, allc_sz=0.34 MB, used_sz=0.28 MB, blks-min-max=10/10
MMP (brx): locals=4, allc_sz=0.35 MB, used_sz=0.28 MB, blks-min-max=2/7
MMP (bcf): locals=0, allc_sz=0.00 MB, used_sz=0.00 MB, blks-min-max=0/0
MMP (xsl): locals=0, allc_sz=0.00 MB, used_sz=0.00 MB, blks-min-max=0/0
NxNyNz = [24, 8, 12]
base_dx=0.00611915; 
NxNyNz_reverse = [25, 7, 13]

-----------------------------------------------------------------------
Refining geometries:
-----------------------------------------------------------------------

-----------------------------------------------------------------------
Refining by triangulation...
Refinement input: 2304 bricks
	Checking crit (2304 / 2304)...81 marked (0.089 s)
	Time(refinement): 0.000 s
Setting regions (648 / 2871)...OK (0.000 s)
	Checking crit (648 / 2871)...66 marked (0.009 s)
	Time(refinement): 0.000 s
Setting regions (896 / 3655)...OK (0.000 s)
	Checking crit (368 / 3655)...0 marked (0.003 s)
Refinement result (2 iterations): 3655 bricks (0.107 s)
Refinement input: 3655 bricks
	Checking crit (3127 / 3655)...0 marked (0.001 s)
Refinement result (0 iterations): 3655 bricks (0.001 s)
Collecting and processing rays:
	Adding rays...OK (0.002 s)
	new bricks = 3655 / 3655
	new rays   = 1802 (x=555, y=734, z=513)
	Processing rays...
		Rays process:  0.034 (0.034) s
		Sort xstacks:  0.000 (0.000) s
		Put xstacks:   0.003 (0.003) s
		Total:         0.037 s
	Correcting rays...
		Lame vertices: 0.001 (0.001) s
		Bad rays:      0.000 (0.000) s
		Emit rays:     0.000 (0.000) s
		Correct ray f: 0.000 (0.000) s
		Undef:         0.000 (0.000) s
		Sum:           0.001 (0.001) s
		Total:         0.002 s
	Time (rays): 0.042 s
Capturing (3655 / 3655)...OK (0.002 s)
Refining by triangulation takes 0.152 s
-----------------------------------------------------------------------

-----------------------------------------------------------------------
Refining peculiar surfaces...
Refinement input: 3655 bricks
	Time(refinement): 0.000 s
Setting regions (96 / 3739)...OK (0.000 s)
Refinement result (1 iterations): 3739 bricks (0.001 s)
Collecting and processing rays:
	Adding rays...OK (0.000 s)
	new bricks = 96 / 3739
	new rays   = 39 (x=15, y=8, z=16)
	Processing rays...
		Rays process:  0.000 (0.000) s
		Sort xstacks:  0.000 (0.000) s
		Put xstacks:   0.000 (0.000) s
		Total:         0.000 s
	Correcting rays...
		Lame vertices: 0.000 (0.000) s
		Bad rays:      0.000 (0.000) s
		Emit rays:     0.000 (0.000) s
		Correct ray f: 0.000 (0.000) s
		Undef:         0.000 (0.000) s
		Sum:           0.000 (0.000) s
		Total:         0.000 s
	Time (rays): 0.001 s
Capturing (96 / 3739)...OK (0.000 s)
1 surfaces refined
Refining peculiar surfaces takes 0.003 s
-----------------------------------------------------------------------

-----------------------------------------------------------------------
Base mesh 1 Refining...
Collecting and processing rays:
	Adding rays...OK (0.000 s)
	new bricks = 0 / 3739
	new rays   = 0 (x=0, y=0, z=0)
	Processing rays...
		Rays process:  0.000 (0.000) s
		Sort xstacks:  0.000 (0.000) s
		Put xstacks:   0.000 (0.000) s
		Total:         0.000 s
	Correcting rays...
		Total:         0.000 s
	Time (rays): 0.000 s
Capturing (0 / 3739)...OK (0.000 s)
Refinement input: 3739 bricks
	Checking crit (3163 / 3739)...0 marked (0.000 s)
Refinement result (0 iterations): 3739 bricks (0.000 s)
-----------------------------------------------------------------------
Refining channels...
FYI: CNarrowChannelRefiner::RefineChannels_PRLL
Refinement input: 3739 bricks
	Time(refinement): 0.001 s
Setting regions (4480 / 7659)...OK (0.000 s)
Refinement result (1 iterations): 7659 bricks (0.004 s)
Collecting and processing rays:
	Adding rays...OK (0.001 s)
	new bricks = 4480 / 7659
	new rays   = 812 (x=162, y=372, z=278)
	Processing rays...
		Rays process:  0.004 (0.004) s
		Sort xstacks:  0.000 (0.000) s
		Put xstacks:   0.001 (0.001) s
		Total:         0.005 s
	Correcting rays...
		Lame vertices: 0.002 (0.002) s
		Bad rays:      0.000 (0.000) s
		Emit rays:     0.000 (0.000) s
		Correct ray f: 0.000 (0.000) s
		Undef:         0.000 (0.000) s
		Sum:           0.002 (0.002) s
		Total:         0.003 s
	Time (rays): 0.009 s
Capturing (4480 / 7659)...OK (0.003 s)
FYI: m_iteration_count = 0
FYI: level1 statistics:
     level1_cnt_plus[1]=4480;		level1_cnt_minus[1]=0
     level1_cnt_plus[2]=0;		level1_cnt_minus[2]=0
     level1_cnt_plus[3]=0;		level1_cnt_minus[3]=0
     level1_cnt_plus[4]=0;		level1_cnt_minus[4]=0
     level1_cnt_plus[5]=0;		level1_cnt_minus[5]=0
     level1_cnt_plus[6]=0;		level1_cnt_minus[6]=0
     level1_cnt_plus[7]=0;		level1_cnt_minus[7]=0
     level1_cnt_plus[8]=0;		level1_cnt_minus[8]=0
     level1_cnt_plus[9]=0;		level1_cnt_minus[9]=0
Refinement input: 7659 bricks
	Time(refinement): 0.000 s
Setting regions (72 / 7722)...OK (0.000 s)
Refinement result (1 iterations): 7722 bricks (0.001 s)
Collecting and processing rays:
	Adding rays...OK (0.000 s)
	new bricks = 72 / 7722
	new rays   = 7 (x=7, y=0, z=0)
	Processing rays...
		Rays process:  0.000 (0.000) s
		Sort xstacks:  0.000 (0.000) s
		Put xstacks:   0.000 (0.000) s
		Total:         0.000 s
	Correcting rays...
		Lame vertices: 0.000 (0.000) s
		Bad rays:      0.000 (0.000) s
		Emit rays:     0.000 (0.000) s
		Correct ray f: 0.000 (0.000) s
		Undef:         0.000 (0.000) s
		Sum:           0.000 (0.000) s
		Total:         0.000 s
	Time (rays): 0.001 s
Capturing (72 / 7722)...OK (0.001 s)
FYI: m_iteration_count = 1
FYI: level1 statistics:
     level1_cnt_plus[1]=4552;		level1_cnt_minus[1]=0
     level1_cnt_plus[2]=0;		level1_cnt_minus[2]=0
     level1_cnt_plus[3]=0;		level1_cnt_minus[3]=0
     level1_cnt_plus[4]=0;		level1_cnt_minus[4]=0
     level1_cnt_plus[5]=0;		level1_cnt_minus[5]=0
     level1_cnt_plus[6]=0;		level1_cnt_minus[6]=0
     level1_cnt_plus[7]=0;		level1_cnt_minus[7]=0
     level1_cnt_plus[8]=0;		level1_cnt_minus[8]=0
     level1_cnt_plus[9]=0;		level1_cnt_minus[9]=0
Refinement input: 7722 bricks
	Time(refinement): 0.000 s
Setting regions (8 / 7729)...OK (0.000 s)
Refinement result (1 iterations): 7729 bricks (0.001 s)
Collecting and processing rays:
	Adding rays...OK (0.000 s)
	new bricks = 8 / 7729
	new rays   = 0 (x=0, y=0, z=0)
	Processing rays...
		Rays process:  0.000 (0.000) s
		Sort xstacks:  0.000 (0.000) s
		Put xstacks:   0.000 (0.000) s
		Total:         0.000 s
	Correcting rays...
		Total:         0.000 s
	Time (rays): 0.001 s
Capturing (8 / 7729)...OK (0.000 s)
FYI: m_iteration_count = 2
FYI: level1 statistics:
     level1_cnt_plus[1]=4560;		level1_cnt_minus[1]=0
     level1_cnt_plus[2]=0;		level1_cnt_minus[2]=0
     level1_cnt_plus[3]=0;		level1_cnt_minus[3]=0
     level1_cnt_plus[4]=0;		level1_cnt_minus[4]=0
     level1_cnt_plus[5]=0;		level1_cnt_minus[5]=0
     level1_cnt_plus[6]=0;		level1_cnt_minus[6]=0
     level1_cnt_plus[7]=0;		level1_cnt_minus[7]=0
     level1_cnt_plus[8]=0;		level1_cnt_minus[8]=0
     level1_cnt_plus[9]=0;		level1_cnt_minus[9]=0
FYI: m_iteration_count = 3
FYI: level1 statistics:
     level1_cnt_plus[1]=4560;		level1_cnt_minus[1]=0
     level1_cnt_plus[2]=0;		level1_cnt_minus[2]=0
     level1_cnt_plus[3]=0;		level1_cnt_minus[3]=0
     level1_cnt_plus[4]=0;		level1_cnt_minus[4]=0
     level1_cnt_plus[5]=0;		level1_cnt_minus[5]=0
     level1_cnt_plus[6]=0;		level1_cnt_minus[6]=0
     level1_cnt_plus[7]=0;		level1_cnt_minus[7]=0
     level1_cnt_plus[8]=0;		level1_cnt_minus[8]=0
     level1_cnt_plus[9]=0;		level1_cnt_minus[9]=0
Refinement input: 7729 bricks
	Time(refinement): 0.001 s
Setting regions (4976 / 12083)...OK (0.000 s)
Refinement result (1 iterations): 12083 bricks (0.002 s)
Collecting and processing rays:
	Adding rays...OK (0.001 s)
	new bricks = 4976 / 12083
	new rays   = 1446 (x=410, y=487, z=549)
	Processing rays...
		Rays process:  0.004 (0.004) s
		Sort xstacks:  0.000 (0.000) s
		Put xstacks:   0.001 (0.001) s
		Total:         0.005 s
	Correcting rays...
		Lame vertices: 0.002 (0.002) s
		Bad rays:      0.000 (0.000) s
		Emit rays:     0.000 (0.000) s
		Correct ray f: 0.000 (0.000) s
		Undef:         0.000 (0.000) s
		Sum:           0.002 (0.002) s
		Total:         0.002 s
	Time (rays): 0.008 s
Capturing (4976 / 12083)...OK (0.002 s)
FYI: m_iteration_count = 4
FYI: level1 statistics:
     level1_cnt_plus[1]=6512;		level1_cnt_minus[1]=0
     level1_cnt_plus[2]=2688;		level1_cnt_minus[2]=0
     level1_cnt_plus[3]=0;		level1_cnt_minus[3]=0
     level1_cnt_plus[4]=0;		level1_cnt_minus[4]=0
     level1_cnt_plus[5]=0;		level1_cnt_minus[5]=0
     level1_cnt_plus[6]=0;		level1_cnt_minus[6]=0
     level1_cnt_plus[7]=0;		level1_cnt_minus[7]=0
     level1_cnt_plus[8]=0;		level1_cnt_minus[8]=0
     level1_cnt_plus[9]=0;		level1_cnt_minus[9]=0
Refinement input: 12083 bricks
	Time(refinement): 0.000 s
Setting regions (208 / 12265)...OK (0.000 s)
Refinement result (1 iterations): 12265 bricks (0.003 s)
Collecting and processing rays:
	Adding rays...OK (0.000 s)
	new bricks = 208 / 12265
	new rays   = 42 (x=27, y=0, z=15)
	Processing rays...
		Rays process:  0.000 (0.000) s
		Sort xstacks:  0.000 (0.000) s
		Put xstacks:   0.000 (0.000) s
		Total:         0.001 s
	Correcting rays...
		Lame vertices: 0.000 (0.000) s
		Bad rays:      0.000 (0.000) s
		Emit rays:     0.000 (0.000) s
		Correct ray f: 0.000 (0.000) s
		Undef:         0.000 (0.000) s
		Sum:           0.000 (0.000) s
		Total:         0.000 s
	Time (rays): 0.001 s
Capturing (208 / 12265)...OK (0.000 s)
FYI: m_iteration_count = 5
FYI: level1 statistics:
     level1_cnt_plus[1]=6603;		level1_cnt_minus[1]=0
     level1_cnt_plus[2]=2792;		level1_cnt_minus[2]=0
     level1_cnt_plus[3]=0;		level1_cnt_minus[3]=0
     level1_cnt_plus[4]=0;		level1_cnt_minus[4]=0
     level1_cnt_plus[5]=0;		level1_cnt_minus[5]=0
     level1_cnt_plus[6]=0;		level1_cnt_minus[6]=0
     level1_cnt_plus[7]=0;		level1_cnt_minus[7]=0
     level1_cnt_plus[8]=0;		level1_cnt_minus[8]=0
     level1_cnt_plus[9]=0;		level1_cnt_minus[9]=0
Refinement input: 12265 bricks
	Time(refinement): 0.000 s
Setting regions (16 / 12279)...OK (0.000 s)
Refinement result (1 iterations): 12279 bricks (0.005 s)
Collecting and processing rays:
	Adding rays...OK (0.000 s)
	new bricks = 16 / 12279
	new rays   = 4 (x=0, y=4, z=0)
	Processing rays...
		Rays process:  0.000 (0.000) s
		Sort xstacks:  0.000 (0.000) s
		Put xstacks:   0.000 (0.000) s
		Total:         0.000 s
	Correcting rays...
		Lame vertices: 0.000 (0.000) s
		Bad rays:      0.000 (0.000) s
		Emit rays:     0.000 (0.000) s
		Correct ray f: 0.000 (0.000) s
		Undef:         0.000 (0.000) s
		Sum:           0.000 (0.000) s
		Total:         0.000 s
	Time (rays): 0.001 s
Capturing (16 / 12279)...OK (0.000 s)
FYI: m_iteration_count = 6
FYI: level1 statistics:
     level1_cnt_plus[1]=6619;		level1_cnt_minus[1]=0
     level1_cnt_plus[2]=2792;		level1_cnt_minus[2]=0
     level1_cnt_plus[3]=0;		level1_cnt_minus[3]=0
     level1_cnt_plus[4]=0;		level1_cnt_minus[4]=0
     level1_cnt_plus[5]=0;		level1_cnt_minus[5]=0
     level1_cnt_plus[6]=0;		level1_cnt_minus[6]=0
     level1_cnt_plus[7]=0;		level1_cnt_minus[7]=0
     level1_cnt_plus[8]=0;		level1_cnt_minus[8]=0
     level1_cnt_plus[9]=0;		level1_cnt_minus[9]=0
FYI: m_iteration_count = 7
FYI: level1 statistics:
     level1_cnt_plus[1]=6619;		level1_cnt_minus[1]=0
     level1_cnt_plus[2]=2792;		level1_cnt_minus[2]=0
     level1_cnt_plus[3]=0;		level1_cnt_minus[3]=0
     level1_cnt_plus[4]=0;		level1_cnt_minus[4]=0
     level1_cnt_plus[5]=0;		level1_cnt_minus[5]=0
     level1_cnt_plus[6]=0;		level1_cnt_minus[6]=0
     level1_cnt_plus[7]=0;		level1_cnt_minus[7]=0
     level1_cnt_plus[8]=0;		level1_cnt_minus[8]=0
     level1_cnt_plus[9]=0;		level1_cnt_minus[9]=0
FYI: level1 statistics:
     level1_cnt_plus[1]=6619;		level1_cnt_minus[1]=0
     level1_cnt_plus[2]=2792;		level1_cnt_minus[2]=0
     level1_cnt_plus[3]=0;		level1_cnt_minus[3]=0
     level1_cnt_plus[4]=0;		level1_cnt_minus[4]=0
     level1_cnt_plus[5]=0;		level1_cnt_minus[5]=0
     level1_cnt_plus[6]=0;		level1_cnt_minus[6]=0
     level1_cnt_plus[7]=0;		level1_cnt_minus[7]=0
     level1_cnt_plus[8]=0;		level1_cnt_minus[8]=0
     level1_cnt_plus[9]=0;		level1_cnt_minus[9]=0

-----------------------------------------------------------------------
U-shapes refinement...
Refinement input: 12279 bricks
	Checking crit (6887 / 12279)...0 marked (0.002 s)
Refinement result (0 iterations): 12279 bricks (0.003 s)
Collecting and processing rays:
	Adding rays...OK (0.000 s)
	new bricks = 0 / 12279
	new rays   = 0 (x=0, y=0, z=0)
	Processing rays...
		Rays process:  0.000 (0.000) s
		Sort xstacks:  0.000 (0.000) s
		Put xstacks:   0.000 (0.000) s
		Total:         0.000 s
	Correcting rays...
		Total:         0.000 s
	Time (rays): 0.002 s
Capturing (0 / 12279)...OK (0.000 s)
-----------------------------------------------------------------------

-----------------------------------------------------------------------
Equi Distant Refiner:
Equi Distant Refiner takes 0.00 s
-----------------------------------------------------------------------

/-Ray Intersection---------------/ Time	0.141 s
Calls                4152
CorrectRay Calls     0



-----------------------------------------------------------------------
Refining geometries takes 0.383 s
-----------------------------------------------------------------------
-----------------------------------------------------------------------
Memory Working Set Current = 48.77 Mb, Memory Working Set Peak = 54.22 Mb
Memory Private Bytes Current = 47.04 Mb, Memory Private Bytes Peak = 52.69 Mb
Process Threads Number: 10
-----------------------------------------------------------------------
Defect ray count	0
FYI: CNarrowChannelRefiner::RedistributeLevel1_step_1: is started
FYI: CNarrowChannelRefiner::RedistributeLevel1_step_1: is finished (0.005 s)
FYI: level1 statistics:
     level1_cnt_plus[1]=4950;		level1_cnt_minus[1]=0
     level1_cnt_plus[2]=4461;		level1_cnt_minus[2]=0
     level1_cnt_plus[3]=0;		level1_cnt_minus[3]=0
     level1_cnt_plus[4]=0;		level1_cnt_minus[4]=0
     level1_cnt_plus[5]=0;		level1_cnt_minus[5]=0
     level1_cnt_plus[6]=0;		level1_cnt_minus[6]=0
     level1_cnt_plus[7]=0;		level1_cnt_minus[7]=0
     level1_cnt_plus[8]=0;		level1_cnt_minus[8]=0
     level1_cnt_plus[9]=0;		level1_cnt_minus[9]=0
FYI: CNarrowChannelRefiner::RedistributeLevel1_step_2: is started
FYI: CNarrowChannelRefiner::RedistributeLevel1_step_2: is finished (0.094 s)
FYI: level1 statistics:
     level1_cnt_plus[1]=5463;		level1_cnt_minus[1]=0
     level1_cnt_plus[2]=4894;		level1_cnt_minus[2]=0
     level1_cnt_plus[3]=0;		level1_cnt_minus[3]=0
     level1_cnt_plus[4]=0;		level1_cnt_minus[4]=0
     level1_cnt_plus[5]=0;		level1_cnt_minus[5]=0
     level1_cnt_plus[6]=0;		level1_cnt_minus[6]=0
     level1_cnt_plus[7]=0;		level1_cnt_minus[7]=0
     level1_cnt_plus[8]=0;		level1_cnt_minus[8]=0
     level1_cnt_plus[9]=0;		level1_cnt_minus[9]=0
FYI: CNarrowChannelRefiner::RedistributeLevel1_step_3: is started
FYI: CNarrowChannelRefiner::RedistributeLevel1_step_3: is finished (0.002 s)
RedistributeLevel1 takes:
FYI: level1 statistics:
     level1_cnt_plus[1]=5463;		level1_cnt_minus[1]=39
     level1_cnt_plus[2]=4894;		level1_cnt_minus[2]=17
     level1_cnt_plus[3]=0;		level1_cnt_minus[3]=0
     level1_cnt_plus[4]=0;		level1_cnt_minus[4]=0
     level1_cnt_plus[5]=0;		level1_cnt_minus[5]=0
     level1_cnt_plus[6]=0;		level1_cnt_minus[6]=0
     level1_cnt_plus[7]=0;		level1_cnt_minus[7]=0
     level1_cnt_plus[8]=0;		level1_cnt_minus[8]=0
     level1_cnt_plus[9]=0;		level1_cnt_minus[9]=0
-----------------------------------------------------------------------
MSH format builder (Iteration 0)
-----------------------------------------------------------------------
Memory Working Set Current = 50.86 Mb, Memory Working Set Peak = 60.75 Mb
Memory Private Bytes Current = 49.47 Mb, Memory Private Bytes Peak = 59.15 Mb
Process Threads Number: 10
-----------------------------------------------------------------------
Total bricks count: 12279
-----------------------------------------------------------------------
MSH (Real Geometry) format constructor:
	Geom    Count = 2
	Bodyset Count = 2
	3D task
	Getting brick sets...OK (0.000 s)

	Min x-stack xeps = 1.26002e-05
	D / dh / eps [axis=0] = (0.150177, 0.00156385, 1.56385e-06)
	D / dh / eps [axis=1] = (0.0456584, 0.00142644, 1.42644e-06)
	D / dh / eps [axis=2] = (0.0767135, 0.00159783, 1.59783e-06)
	Time (xeps): 0.001 s
Level 2
	Set (0)  size: 2696
	Set (0)  time: 0.089 s
	Set (1)  size: 2696
	Set (1)  time: 0.079 s
Level 1
	Set (0)  size: 2669
	Set (0)  time: 0.021 s
	Set (1)  size: 2665
	Set (1)  time: 0.023 s
Level 0
	Set (0)  size: 778
	Set (0)  time: 0.004 s
	Set (1)  size: 775
	Set (1)  time: 0.005 s

	Spread npq bricks...0 marked (0.001 s)

Result:
	Bricks number:                        12279

	Memory usage:                         3.175 MB
	Memory usage (per brick):             0.265 KB
	Construction time:                    0.225 s

	Topology features:
	------------------
	- High quality bricks                  100.00 % (12279)
	- Medium quality bricks                  0.00 % (0)
	- Bad quality bricks                     0.00 % (0)
	- NPQ bricks                             0.08 % (10)
	- Type-1 bricks                         38.51 % (4729)
	- Ribs corrected bricks                  0.00 % (0)
	- Points with geom-info (bricks)         0.10 % (12)
	- Points with closest-info (bricks)      0.02 % (2)
	- Triangulated by center (bricks)        0.04 % (5)
	- Facet w-faces mergings (bricks)        0.00 % (0)
	- To refine (bricks)                     0.00 % (0)
	- Points-count                           0.00 % (0)
	- T-self-intersection-all (bricks)       0.00 % (0)
	- T-self-intersection-simple (bricks)    0.00 % (0)
	- T-self-intersection-complex (bricks)   0.00 % (0)
	- NPQ by reason 1 u-shape                0.00 % (0)
	- NPQ by reason 2 tri-by-ctr             0.04 % (5)
	- NPQ by reason 3 ray-correction         0.00 % (0)
	- NPQ by reason 4 t-self-intersection    0.00 % (0)
	- NPQ by reason 5 non-good               0.00 % (0)
	- NPQ by reason 6 npq-worker             0.00 % (0)

-----------------------------------------------------------------------
Memory Working Set Current = 57.15 Mb, Memory Working Set Peak = 60.75 Mb
Memory Private Bytes Current = 56.18 Mb, Memory Private Bytes Peak = 59.15 Mb
Process Threads Number: 10
-----------------------------------------------------------------------
-----------------------------------------------------------------------
msh-iterations: 1
-----------------------------------------------------------------------
high---q-brick-count = 100.00 % (12279 12279)
medium-q-brick-count =   0.00 % (12279 0)
bad----q-brick-count =   0.00 % (12279 0)
np-----q-brick-count =   0.08 % (12279 10)
-----------------------------------------------------------------------
Free brick parser storage...OK(0.001 s)
-----------------------------------------------------------------------
Memory Working Set Current = 57.20 Mb, Memory Working Set Peak = 60.75 Mb
Memory Private Bytes Current = 56.18 Mb, Memory Private Bytes Peak = 59.15 Mb
Process Threads Number: 10
-----------------------------------------------------------------------
-----------------------------------------------------------------------
MSH --> BCF format (Iteration 0)...
BCF collector...(remove mode=0)
	Time (alloc counter per brick): 0.000 s
	Brick    count: 12279
	Av.f all count: 7525
	Av.s all count: 9522
	Av.f pid count: 4747
	Av.s pid count: 4750
	Faces fs count: 11462
	Faces ff count: 0
	Faces ss count: 0
	Faces bb count: 0
	Faces fe count: 0
	Faces se count: 2247
	Faces fw count: 13709
	Faces af count: 21322
	Faces as count: 28204
	Time (all count): 	0.004 s
	Time (bcf alloc): 	0.001 s
	Time (shifts alloc): 	0.000 s
	Time (shifts init): 	0.000 s
	Time (bcf fill): 	0.007 s
	Time (add av to faces): 0.000 s
	Time (add faces to av): 0.002 s
Time (bcf collect): 		0.016 s
	AV checker...
		Hole marker...
			Subdomains:               1.
			Subdomains (cond):        1.
			Time (sd):      0.001 s.
			Time (sd_cond): 0.002 s.
			Time (potential-hole marking): 	0.000 s
			Time (hole checking): 0.000 s.
			0 av(s) are marked to fill subdomain holes.
		Time (hole marker): 0.005 s.
	Time (check av): 	0.012 s
	Subdomain checker...
		Subdomains construction time: 0.002 s.
		Subdomains sort time: 0.000 s.
			Subdomain 0 (geom_ind=0): 7525 av
			Subdomain 1 (geom_ind=1): 9522 av
		gi: 0, real bodies: 1
		gi: 0, subdomains:  1
		gi: 1, real bodies: 0
		gi: 1, subdomains:  1
		Defect subdomains: 0
	Time (check subdoms): 	0.003 s
Time (bcf iteration total): 	0.031 s
	Time (fw-nb): 		0.002 s
	Fixed mutual fw-nb:     6897 (bb: 0)
	Time (fw-nb mutual): 	0.002 s
	Time (fw-nb sort): 	0.000 s
	Fw-opt BEFORE total:    13709 (fs=11462, ff=0, ss=0)
	Fw-opt AFTER  total:    8301 (fs=6054, ff=0, ss=0, failed fw/br=0/0, big_curv=13, big_poly=0)
	Fw-opt RESULT:          5408 (res/(fs+ff+ss) = 47.18 %)
	Time (fw-opt): 		0.005 s
	Time (fw-re-order): 	0.001 s
	Time (fw-nb): 		0.007 s
	Fixed mutual fw-nb:     17111 (bb: 0)
	Time (fw-nb mutual): 	0.001 s
	Time (fw-nb sort): 	0.000 s
	Time (rfd fix): 	0.000 s
	Time (av convexity): 	0.003 s
	Time (av small volume): 0.000 s
	Time (diagonal fw-nb): 	0.014 s
	Fixed mutual fw-nb:     0 (bb: 0)
	Time (fw-nb mutual): 	0.002 s
	Time (fw-nb sort): 	0.000 s
	Fluid subdomains: 1
	Faces fw-nb diff sd:    0
	Time (fw-nb diff sd): 	0.002 s
Time (bcf calc): 		0.043 s
-----------------------------------------------------------------------
Time (bcf total): 		0.075 s
-----------------------------------------------------------------------
bcf-iterations: 1
-----------------------------------------------------------------------
-----------------------------------------------------------------------
Mega-cv constructor for fluid...
	 8 av's is treated as thin
Relative size generator (threshold = 0.05)...
	Iteration 1 (small cluster count = 516)
	Iteration 2 (small cluster count = 214)
	Iteration 3 (small cluster count = 51)
	Iteration 4 (small cluster count = 15)
	Iteration 5 (small cluster count = 2)
	Iteration 6 (small cluster count = 0)
	 490 mega-cv's generated
	 15 mega-cv's removed
Relative size generator is completed OK (0.002 s)
Apply fa-rules to mega-cv clusters fixes...
	Fa-rule violation fixes:       39 of       39 (total cluster# =      502)
OK (0.005 s)
Convert clusters:
	 478 mega-cv's total
Mega-cv count: 478
Time (mega-cv fill): 	0.001 s
Time (mega-cv total): 	0.013 s
-----------------------------------------------------------------------
Mixing plane rotation regions: NO.
Sliding mesh rotation regions: NO.
Fluid/fluid faces: NO.
-----------------------------------------------------------------------
Memory Working Set Current = 66.80 Mb, Memory Working Set Peak = 66.80 Mb
Memory Private Bytes Current = 64.18 Mb, Memory Private Bytes Peak = 65.09 Mb
Process Threads Number: 10
-----------------------------------------------------------------------
----------------------------------------------------------
BCF --> BCF.GEOMSUBDOM (bridge arrays):
MESH (0):
	Fluid Subdom Constructor: 1 subdom(s).
	Solid Subdom Constructor: 1 subdom(s).
	Net Asm Subdom Constructor: 0 subdom(s).
	GEOMSUBDOM (0): gi=0 Fluid av=7525 cv=7000 fa=21322 fb=0 fw=6054 V=1.864580e-04
	Cache data...OK
	GEOMSUBDOM (1): gi=1 Solid av=9522 cv=9522 fa=28204 fb=0 fw=8301 V=3.395541e-04
	Cache data...OK
	Setting nb of w-faces...OK (0.002 s).
	Correcting nb of w-faces...
	Time(correct_fw_nb)=0.003 s

MESH (0) checking:
	GEOMSUBDOM (0):fa_s=0.1351826443857521 fb_s=0.0000000000000000 fw_s=0.0232971011849594 fw_nb=47916
	              :d_const(4599)=8.87133e-11 d_linear(2856)=3.85218e-10
	GEOMSUBDOM (1):fa_s=0.2046169020273997 fb_s=0.0000000000000000 fw_s=0.0670572116005643 fw_nb=57290
	              :d_const(3083)=2.0188e-10 d_linear(5769)=9.03334e-10
MESH (0) checking: OK.
Time (MDS): 	0.023 s
----------------------------------------------------------
-----------------------------------------------------------------------
Memory Working Set Current = 71.76 Mb, Memory Working Set Peak = 71.76 Mb
Memory Private Bytes Current = 68.88 Mb, Memory Private Bytes Peak = 68.88 Mb
Process Threads Number: 10
-----------------------------------------------------------------------

-----------------------------------------------------------------------
BCF CHECKSUM DATA (Mesh 0):

BRICK |Level1| Sum:               15324
FACE_A Area Sum:   G.Fluid        0.1351826443857522
FACE_A Area Sum:   G.Solid        0.2046169020273997
FACE_W Area Sum:                  0.0670572116005643
FACE_W Nb   Sum:                  57290
FACE_W min curvatures sum:        -411130.62766743
FACE_W max curvatures sum:        -26461.45574319
AV Max Disbalance(Const) :        2.0188e-10 (cid=5256, t={38, 12, 20}, avid=11624, pid=2003)
AV Max Disbalance(Linear):        9.03334e-10 (cid=12186, t={54, 24, 45}, avid=16954, pid=4732)
-----------------------------------------------------------------------


-----------------------------------------------------------------------
MESHER TOPOLOGY DATA:

BRICKS: Total                 12279
BRICKS: Fluid                 7507
BRICKS: Fluid Partial         4729
BRICKS: Type 1                4729
BRICKS: Max AV number         3

AV:     G.Total               17047
AV:     G.Fluid               7525
AV:     G.Solid               9522

AV:     G.Fluid Thin Profile    0.28 % (21)
AV:     G.Solid Thin Profile    0.19 % (18)

AV:     G.Fluid Thin For Mega   0.11 % (8)
AV:     G.Solid Thin For Mega   0.11 % (10)

AV:     G.Fluid Non-Convex     20.12 % (1514)
AV:     G.Solid Non-Convex     31.32 % (2982)

AV:     G.Fluid Non-Ess-Convex      8.15 % (613)
AV:     G.Solid Non-Ess-Convex      7.11 % (677)

FACE_A: G.Fluid          (af) 21322 (partially opened 9831)
FACE_A: G.Solid          (as) 28204 (partially opened 9843)

FACE_B: G.Total          (b)  0

FACE_W: G.Total                 8301        Brick/Bound
FACE_W: G.Fluid/Solid    (fs_g) 6054        0           
FACE_W: G.Fluid/Fluid    (ff_g) 0           0           
FACE_W: G.Solid/Solid    (ss_g) 0           0           
FACE_W: G.Fluid/Void     (fv_g) 0           0           
FACE_W: G.Fluid/External (fe_g) 0
FACE_W: G.Solid/External (se_g) 2247

AV/CV max fa count (on brick side):5
AV/CV max fw count:                5
AV/CV max fb count:                0
AV/CV max fw poly count:           18

MEMORY: Total                   5.946 MB
MEMORY: Per Brick               0.496 KB
-----------------------------------------------------------------------

-----------------------------------------------------------------------
Connectivities information:
	Number of conns: 0
-----------------------------------------------------------------------
	Time (gap size): 	0.026 s
-----------------------------------------------------------------------
Memory Working Set Current = 71.81 Mb, Memory Working Set Peak = 71.81 Mb
Memory Private Bytes Current = 68.88 Mb, Memory Private Bytes Peak = 68.88 Mb
Process Threads Number: 10
-----------------------------------------------------------------------
-----------------------------------------------------------------------
Calculating curvature and tolerance criteria...
Curvature: min=0 (cid=0) max=3.1415 (cid=624)
Tolerance: min=0 (cid=0) max=0.00153415 (cid=12005)
Calculating curvature and tolerance criteria takes 0.060 s
-----------------------------------------------------------------------
MESH Build(FS) finished. Time=0.967 s
-----------------------------------------------------------------------
Current CPU = 1 sec

Nx=24
Ny=8
Nz=12
Max BRICK Level=2
Mesh Level=2
-----------------CModelBodies2MeshMapper::CollectData started -------------------------------
	Time (collect mesh base data): 0.003 s.
	Time (collect model bodies mapping): 0.000 s.
	Time (collect positive bodies mapping): 0.000 s.
	Time (collect fluid bodies mapping): 0.010 s.
-----------------CModelBodies2MeshMapper Report -------------------------------
FluidDomains 1 SolidDomains 1 VoidDomains 0 
Domains RefIndexes
----------------- -------------------------------
	ModelBodies
Total resolved Bodies 0 BodySets 0

--------------------------------------------------------------------------
	Positive geometry Bodies
Total resolved Bodies 1 BodySets 1
BodySet 0
	Bodies list:
			#0	Name: ;	ID: c2f71130-84d2-4892-8f57-fd287f97bb36
	Domains list:mesh type	 (0, 1)		 0 


--------------------------------------------------------------------------
	Fluid regions
Total resolved Bodies 1 BodySets 1
BodySet 0	Material: Blood; 
	Bodies list:
			#0	Name: ;	ID: c2f71130-84d2-4892-8f57-fd287f97bb36
	Domains list:mesh type	 (0, 1)		 0 


--------------------------------------------------------------------------
Collect data takes...0.014 s
-----------------CModelBodies2MeshMapper::CollectData finished successfully-------------------
Saving initial mesh in: C:\Users\Jakub\Desktop\1\1.fld .
Storing results...
	Estimated CPT size=3.107 MB.
	Time (write bcf): 0.195 s
Storing results takes 0.208 s
-----------------------------------------------------------------------
Memory Working Set Current = 72.29 Mb, Memory Working Set Peak = 72.29 Mb
Memory Private Bytes Current = 69.08 Mb, Memory Private Bytes Peak = 69.08 Mb
Process Threads Number: 10
-----------------------------------------------------------------------
Cleaning memory...
-----------------------------------------------------------------------
Start to free mesher data...
MMP (msh): locals=4, allc_sz=1.78 MB, used_sz=1.67 MB, blks-min-max=8/15
MMP (brx): locals=4, allc_sz=7.38 MB, used_sz=6.45 MB, blks-min-max=17/19
MMP (bcf): locals=4, allc_sz=10.74 MB, used_sz=10.48 MB, blks-min-max=16/47
MMP (xsl): locals=4, allc_sz=0.59 MB, used_sz=0.54 MB, blks-min-max=5/7
Free xsl...            OK	Time=0.000 s
Free ray collector...  OK	Time=0.000 s
Free ray intersector...OK	Time=0.000 s
Free body sets...      OK	Time=0.005 s
Free Geometry DB takes 0.000 s
Free mesh conn...      OK	Time=0.000 s
Free geomsd...         OK	Time=0.000 s
Free mbricks...        OK	Time=0.000 s
Free hash info...      OK	Time=0.000 s
Free bricks-x...       OK	Time=0.000 s
Free bcf...            OK	Time=0.001 s
Free mesh h...         OK	Time=0.000 s
Free bricks arr..      OK	Time=0.000 s
Free bricks tree...    OK	Time=0.000 s
Free mesh pools...     OK	Time=0.003 s
Free bodies mapper...  OK	Time=0.000 s
Free geom crits...     OK	Time=0.000 s
Free cpt regions...    OK	Time=0.001 s
Free peculiar surfs... OK	Time=0.000 s
Free sw-geometries...  OK	Time=0.000 s
Total free mesher data time: 0.013 s
-----------------------------------------------------------------------
Copying... OK
CPT size=2.898 MB (3038762 bytes).
Mesh generation normally finished at	8.5.2024	20:30:33
Mesher CPU = 1 sec
Mesher is finished at	8.5.2024	20:30:33
-----------------------------------------------------------------------
Memory Working Set Current = 30.26 Mb, Memory Working Set Peak = 72.29 Mb
Memory Private Bytes Current = 26.20 Mb, Memory Private Bytes Peak = 69.08 Mb
Process Threads Number: 10
-----------------------------------------------------------------------
Algebra Pool      : mem_usage = 0.38 Mb, allocated count = 0
-----------------------------------------------------------------------
Memory Working Set Current = 29.96 Mb, Memory Working Set Peak = 72.29 Mb
Memory Private Bytes Current = 25.89 Mb, Memory Private Bytes Peak = 69.08 Mb
Process Threads Number: 10
Process Threads Number Peak: 10
-----------------------------------------------------------------------
Log ended at 08.05.2024	20:30:33
